<?xml version="1.0" encoding="UTF-8"?>
<!-- Generated by org.testng.reporters.JUnitReportReporter -->
<testsuite hostname="Ken" failures="0" tests="1" name="tests.Tests" time="4.498" errors="0" timestamp="2023-02-10T21:36:18 PST" skipped="0">
  <testcase classname="tests.Tests" name="testOne" time="4.498"/>
  <system-out/>
</testsuite> <!-- tests.Tests -->
