<?xml version="1.0" encoding="UTF-8"?>
<!-- Generated by org.testng.reporters.JUnitReportReporter -->
<testsuite hostname="Ken" failures="0" tests="5" name="tests.CalculatorAppTest" time="34.109" errors="0" timestamp="2023-02-12T15:25:14 PST" skipped="0">
  <testcase classname="tests.CalculatorAppTest" name="multiplicationTest" time="6.174"/>
  <system-out/>
  <testcase classname="tests.CalculatorAppTest" name="subtractionTest" time="6.516"/>
  <system-out/>
  <testcase classname="tests.CalculatorAppTest" name="additionTest" time="4.815"/>
  <system-out/>
  <testcase classname="tests.CalculatorAppTest" name="divisionTest" time="7.264"/>
  <system-out/>
  <testcase classname="tests.CalculatorAppTest" name="percentageTest" time="9.340"/>
  <system-out/>
</testsuite> <!-- tests.CalculatorAppTest -->
